<?xml version="1.0" encoding="UTF-8"?>
<!-- Generated by org.testng.reporters.JUnitReportReporter -->
<testsuite hostname="ISHWS43" name="com.orgMaven.myMaven.HelloWorldTest" tests="2" failures="0" timestamp="24 Dec 2015 05:19:24 GMT" time="4.728" errors="0">
  <testcase name="Login" time="2.118" classname="com.orgMaven.myMaven.HelloWorldTest"/>
  <testcase name="ScrollPageDown" time="2.610" classname="com.orgMaven.myMaven.HelloWorldTest"/>
</testsuite>
