<?xml version="1.0" encoding="UTF-8"?>
<!-- Generated by org.testng.reporters.JUnitReportReporter -->
<testsuite hostname="ISHWS43" name="testLogin.CaseStudies" tests="3" failures="0" timestamp="6 Jan 2016 11:15:16 GMT" time="6.464" errors="0">
  <testcase name="VerifyDataEntry" time="1.436" classname="testLogin.CaseStudies"/>
  <testcase name="caseStudies" time="1.507" classname="testLogin.CaseStudies"/>
  <testcase name="submitForm" time="3.521" classname="testLogin.CaseStudies"/>
</testsuite> <!-- testLogin.CaseStudies -->
