<?xml version="1.0" encoding="UTF-8"?>
<!-- Generated by org.testng.reporters.JUnitReportReporter -->
<testsuite hostname="ISHWS43" name="com.orgMaven.myMaven.HelloWorldTest" tests="2" failures="0" timestamp="28 Dec 2015 07:01:26 GMT" time="5.172" errors="0">
  <testcase name="Login" time="2.144" classname="com.orgMaven.myMaven.HelloWorldTest"/>
  <testcase name="ScrollPageDown" time="3.028" classname="com.orgMaven.myMaven.HelloWorldTest"/>
</testsuite> <!-- com.orgMaven.myMaven.HelloWorldTest -->
