<?xml version="1.0" encoding="UTF-8"?>
<!-- Generated by org.testng.reporters.JUnitReportReporter -->
<testsuite hostname="ISHWS43" name="Test_Login.LoginPage" tests="4" failures="0" timestamp="29 Dec 2015 07:03:01 GMT" time="10.250" errors="0">
  <testcase name="loginUrl" time="5.727" classname="Test_Login.LoginPage"/>
  <testcase name="FormField" time="4.434" classname="Test_Login.LoginPage"/>
  <testcase name="ScrollPageDown" time="0.047" classname="Test_Login.LoginPage"/>
  <testcase name="checkTitle" time="0.042" classname="Test_Login.LoginPage"/>
</testsuite> <!-- Test_Login.LoginPage -->
