<?xml version="1.0" encoding="UTF-8"?>
<!-- Generated by org.testng.reporters.JUnitReportReporter -->
<testsuite hostname="ISHWS43" name="testLogin.HomePage" tests="1" failures="0" timestamp="7 Jan 2016 12:06:45 GMT" time="44.114" errors="0">
  <testcase name="changeWindow" time="44.114" classname="testLogin.HomePage"/>
</testsuite> <!-- testLogin.HomePage -->
