<?xml version="1.0" encoding="UTF-8"?>
<!-- Generated by org.testng.reporters.JUnitReportReporter -->
<testsuite hostname="ISHWS43" name="testLogin.CaseStudies" tests="3" failures="0" timestamp="8 Jan 2016 13:47:36 GMT" time="6.127" errors="0">
  <testcase name="submitForm" time="3.191" classname="testLogin.CaseStudies"/>
  <testcase name="caseStudies" time="1.420" classname="testLogin.CaseStudies"/>
  <testcase name="VerifyDataEntry" time="1.516" classname="testLogin.CaseStudies"/>
</testsuite> <!-- testLogin.CaseStudies -->
