<?xml version="1.0" encoding="UTF-8"?>
<!-- Generated by org.testng.reporters.JUnitReportReporter -->
<testsuite hostname="ISHWS43" name="testLogin.DynamicPageHandle" tests="1" failures="0" timestamp="6 Jan 2016 07:39:31 GMT" time="13.361" errors="0">
  <testcase name="dynamicPage" time="13.361" classname="testLogin.DynamicPageHandle"/>
</testsuite> <!-- testLogin.DynamicPageHandle -->
