<?xml version="1.0" encoding="UTF-8"?>
<!-- Generated by org.testng.reporters.JUnitReportReporter -->
<testsuite hostname="ISHWS43" name="testLogin.CaseStudies" tests="3" failures="0" timestamp="31 Dec 2015 09:20:44 GMT" time="9.654" errors="0">
  <testcase name="VerifyDataEntry" time="1.419" classname="testLogin.CaseStudies"/>
  <testcase name="caseStudies" time="1.438" classname="testLogin.CaseStudies"/>
  <testcase name="submitForm" time="6.797" classname="testLogin.CaseStudies"/>
</testsuite> <!-- testLogin.CaseStudies -->
