<?xml version="1.0" encoding="UTF-8"?>
<!-- Generated by org.testng.reporters.JUnitReportReporter -->
<testsuite hostname="ISHWS43" name="testLogin.CaseStudies" tests="3" failures="0" timestamp="8 Jan 2016 13:33:38 GMT" time="8.600" errors="0">
  <testcase name="VerifyDataEntry" time="1.816" classname="testLogin.CaseStudies"/>
  <testcase name="caseStudies" time="1.618" classname="testLogin.CaseStudies"/>
  <testcase name="submitForm" time="5.166" classname="testLogin.CaseStudies"/>
</testsuite> <!-- testLogin.CaseStudies -->
