<?xml version="1.0" encoding="UTF-8"?>
<!-- Generated by org.testng.reporters.JUnitReportReporter -->
<testsuite hostname="ISHWS43" name="testLogin.ClientsPage" tests="1" failures="0" timestamp="5 Jan 2016 06:30:26 GMT" time="13.252" errors="0">
  <testcase name="LaunchURL" time="13.252" classname="testLogin.ClientsPage"/>
</testsuite> <!-- testLogin.ClientsPage -->
