<?xml version="1.0" encoding="UTF-8"?>
<!-- Generated by org.testng.reporters.JUnitReportReporter -->
<testsuite hostname="ISHWS43" name="testLogin.HomePage" tests="1" failures="0" timestamp="8 Jan 2016 13:47:36 GMT" time="40.057" errors="0">
  <testcase name="changeWindow" time="40.057" classname="testLogin.HomePage"/>
</testsuite> <!-- testLogin.HomePage -->
