<?xml version="1.0" encoding="UTF-8"?>
<!-- Generated by org.testng.reporters.JUnitReportReporter -->
<testsuite hostname="ISHWS43" name="testLogin.DownloadBtn" tests="1" failures="0" timestamp="5 Jan 2016 12:14:05 GMT" time="17.798" errors="0">
  <testcase name="testsetup" time="17.798" classname="testLogin.DownloadBtn"/>
</testsuite> <!-- testLogin.DownloadBtn -->
