<?xml version="1.0" encoding="UTF-8"?>
<!-- Generated by org.testng.reporters.JUnitReportReporter -->
<testsuite hostname="ISHWS43" name="testLogin.ClientsPage" tests="1" failures="0" timestamp="7 Jan 2016 09:28:58 GMT" time="16.378" errors="0">
  <testcase name="LaunchURL" time="16.378" classname="testLogin.ClientsPage"/>
</testsuite> <!-- testLogin.ClientsPage -->
