<?xml version="1.0" encoding="UTF-8"?>
<!-- Generated by org.testng.reporters.JUnitReportReporter -->
<testsuite hostname="ISHWS43" name="testLogin.LoginPage" tests="4" failures="0" timestamp="29 Dec 2015 12:05:45 GMT" time="402.494" errors="0">
  <testcase name="loginUrl" time="397.508" classname="testLogin.LoginPage"/>
  <testcase name="checkTitle" time="0.033" classname="testLogin.LoginPage"/>
  <testcase name="ScrollPageDown" time="0.059" classname="testLogin.LoginPage"/>
  <testcase name="FormField" time="4.894" classname="testLogin.LoginPage"/>
</testsuite> <!-- testLogin.LoginPage -->
