<?xml version="1.0" encoding="UTF-8"?>
<!-- Generated by org.testng.reporters.JUnitReportReporter -->
<testsuite hostname="ISHWS43" name="testLogin.LetsTalk" tests="3" failures="0" timestamp="8 Jan 2016 13:33:38 GMT" time="4.714" errors="0">
  <testcase name="FormField" time="4.577" classname="testLogin.LetsTalk"/>
  <testcase name="ScrollPageDown" time="0.051" classname="testLogin.LetsTalk"/>
  <testcase name="Dashboard" time="0.086" classname="testLogin.LetsTalk"/>
</testsuite> <!-- testLogin.LetsTalk -->
