<?xml version="1.0" encoding="UTF-8"?>
<!-- Generated by org.testng.reporters.JUnitReportReporter -->
<testsuite hostname="ISHWS43" name="testLogin.FAQsPage" tests="1" failures="0" timestamp="8 Jan 2016 13:47:36 GMT" time="13.663" errors="0">
  <testcase name="FaqTab" time="13.663" classname="testLogin.FAQsPage"/>
</testsuite> <!-- testLogin.FAQsPage -->
