<?xml version="1.0" encoding="UTF-8"?>
<!-- Generated by org.testng.reporters.JUnitReportReporter -->
<testsuite hostname="ISHWS43" name="testLogin.FAQsPage" tests="1" failures="0" timestamp="5 Jan 2016 10:53:09 GMT" time="17.092" errors="0">
  <testcase name="FaqTab" time="17.092" classname="testLogin.FAQsPage"/>
</testsuite> <!-- testLogin.FAQsPage -->
