<?xml version="1.0" encoding="UTF-8"?>
<!-- Generated by org.testng.reporters.JUnitReportReporter -->
<testsuite hostname="ISHWS43" name="testLogin.DownloadBtn" tests="1" failures="0" timestamp="8 Jan 2016 08:07:47 GMT" time="19.205" errors="0">
  <testcase name="testsetup" time="19.205" classname="testLogin.DownloadBtn"/>
</testsuite> <!-- testLogin.DownloadBtn -->
