<?xml version="1.0" encoding="UTF-8"?>
<!-- Generated by org.testng.reporters.JUnitReportReporter -->
<testsuite hostname="ISHWS43" name="pageObjects.Login1" tests="2" failures="0" timestamp="30 Dec 2015 08:50:56 GMT" time="13.771" errors="0">
  <testcase name="checkTitle" time="0.092" classname="pageObjects.Login1"/>
  <testcase name="Browser" time="13.679" classname="pageObjects.Login1"/>
</testsuite> <!-- pageObjects.Login1 -->
