<?xml version="1.0" encoding="UTF-8"?>
<!-- Generated by org.testng.reporters.JUnitReportReporter -->
<testsuite hostname="ISHWS43" name="Test_Login.NewTest1" tests="3" failures="0" timestamp="24 Dec 2015 05:26:02 GMT" time="6.276" errors="0">
  <testcase name="CheckImage" time="4.107" classname="Test_Login.NewTest1"/>
  <testcase name="Login" time="2.145" classname="Test_Login.NewTest1"/>
  <testcase name="ScrollPageDown" time="0.024" classname="Test_Login.NewTest1"/>
</testsuite> <!-- Test_Login.NewTest1 -->
