<?xml version="1.0" encoding="UTF-8"?>
<!-- Generated by org.testng.reporters.JUnitReportReporter -->
<testsuite hostname="ISHWS43" name="testLogin.CompanyPage" tests="1" failures="0" timestamp="8 Jan 2016 13:47:36 GMT" time="17.445" errors="0">
  <testcase name="ToolTip" time="17.445" classname="testLogin.CompanyPage"/>
</testsuite> <!-- testLogin.CompanyPage -->
