<?xml version="1.0" encoding="UTF-8"?>
<!-- Generated by org.testng.reporters.JUnitReportReporter -->
<testsuite hostname="ISHWS43" name="testLogin.LetsTalk" tests="3" failures="0" timestamp="30 Dec 2015 09:13:18 GMT" time="4.203" errors="0">
  <testcase name="FormField" time="3.942" classname="testLogin.LetsTalk"/>
  <testcase name="Dashboard" time="0.102" classname="testLogin.LetsTalk"/>
  <testcase name="ScrollPageDown" time="0.159" classname="testLogin.LetsTalk"/>
</testsuite> <!-- testLogin.LetsTalk -->
