<?xml version="1.0" encoding="UTF-8"?>
<!-- Generated by org.testng.reporters.JUnitReportReporter -->
<testsuite hostname="ISHWS43" name="testLogin.CaseStudies" tests="3" failures="0" timestamp="6 Jan 2016 10:34:20 GMT" time="6.882" errors="0">
  <testcase name="VerifyDataEntry" time="1.585" classname="testLogin.CaseStudies"/>
  <testcase name="caseStudies" time="1.511" classname="testLogin.CaseStudies"/>
  <testcase name="submitForm" time="3.786" classname="testLogin.CaseStudies"/>
</testsuite> <!-- testLogin.CaseStudies -->
