<?xml version="1.0" encoding="UTF-8"?>
<!-- Generated by org.testng.reporters.JUnitReportReporter -->
<testsuite hostname="ISHWS43" name="testLogin.HomePage" tests="1" failures="0" timestamp="5 Jan 2016 13:26:04 GMT" time="13.121" errors="0">
  <testcase name="changeWindow" time="13.121" classname="testLogin.HomePage"/>
</testsuite> <!-- testLogin.HomePage -->
