<?xml version="1.0" encoding="UTF-8"?>
<!-- Generated by org.testng.reporters.JUnitReportReporter -->
<testsuite hostname="ISHWS43" name="testLogin.DynamicPageHandle" tests="2" failures="0" timestamp="8 Jan 2016 13:33:38 GMT" time="18.312" errors="0">
  <testcase name="dynamicPanel" time="6.128" classname="testLogin.DynamicPageHandle"/>
  <testcase name="dynamicPage" time="12.184" classname="testLogin.DynamicPageHandle"/>
</testsuite> <!-- testLogin.DynamicPageHandle -->
