<?xml version="1.0" encoding="UTF-8"?>
<!-- Generated by org.testng.reporters.JUnitReportReporter -->
<testsuite hostname="ISHWS43" name="testLogin.DownloadBtn" tests="1" failures="0" timestamp="8 Jan 2016 13:33:38 GMT" time="18.459" errors="0">
  <testcase name="testsetup" time="18.459" classname="testLogin.DownloadBtn"/>
</testsuite> <!-- testLogin.DownloadBtn -->
