<?xml version="1.0" encoding="UTF-8"?>
<!-- Generated by org.testng.reporters.JUnitReportReporter -->
<testsuite hostname="ISHWS43" name="testLogin.ClientsPage" tests="1" failures="0" timestamp="8 Jan 2016 13:33:38 GMT" time="12.240" errors="0">
  <testcase name="LaunchURL" time="12.240" classname="testLogin.ClientsPage"/>
</testsuite> <!-- testLogin.ClientsPage -->
