<?xml version="1.0" encoding="UTF-8"?>
<!-- Generated by org.testng.reporters.JUnitReportReporter -->
<testsuite hostname="ISHWS43" name="testLogin.DynamicPageHandle" tests="2" failures="0" timestamp="7 Jan 2016 09:43:01 GMT" time="19.295" errors="0">
  <testcase name="dynamicPanel" time="5.942" classname="testLogin.DynamicPageHandle"/>
  <testcase name="dynamicPage" time="13.353" classname="testLogin.DynamicPageHandle"/>
</testsuite> <!-- testLogin.DynamicPageHandle -->
