<?xml version="1.0" encoding="UTF-8"?>
<!-- Generated by org.testng.reporters.JUnitReportReporter -->
<testsuite hostname="ISHWS43" name="testLogin.HomePage" tests="1" failures="0" timestamp="6 Jan 2016 09:28:28 GMT" time="44.642" errors="0">
  <testcase name="changeWindow" time="44.642" classname="testLogin.HomePage"/>
</testsuite> <!-- testLogin.HomePage -->
