<?xml version="1.0" encoding="UTF-8"?>
<!-- Generated by org.testng.reporters.JUnitReportReporter -->
<testsuite hostname="ISHWS43" name="testLogin.HomePage" tests="1" failures="0" timestamp="8 Jan 2016 06:14:47 GMT" time="47.930" errors="0">
  <testcase name="changeWindow" time="47.930" classname="testLogin.HomePage"/>
</testsuite> <!-- testLogin.HomePage -->
